<?xml version="1.0" encoding="UTF-8"?>
<!-- Generated by org.testng.reporters.JUnitReportReporter -->
<testsuite hostname="DESKTOP-LH10UEI" failures="0" tests="1" name="Driverfactory.Driverscript" time="115.662" errors="0" timestamp="2024-04-27T08:10:03 IST" skipped="0">
  <testcase classname="Driverfactory.Driverscript" name="starttest" time="115.662">
    <system-out>
      <![CDATA[Stock-000001292     Stock-000001292
Supplier-00000002788     Supplier-00000002788
Customer-00000004957     Customer-00000004957]]>
    </system-out>
  </testcase> <!-- starttest -->
  <system-out>
    <![CDATA[Stock-000001292     Stock-000001292
Supplier-00000002788     Supplier-00000002788
Customer-00000004957     Customer-00000004957]]>
  </system-out>
</testsuite> <!-- Driverfactory.Driverscript -->
